<?xml version="1.0" encoding="UTF-8"?>
<!-- Generated by org.testng.reporters.JUnitReportReporter -->
<testsuite hostname="Leosavan" name="Aident.TestScripts.SearchPatient" tests="1" failures="0" timestamp="31 Oct 2013 11:15:30 GMT" time="23.484" errors="0">
  <testcase name="testSearchPatient" time="23.484" classname="Aident.TestScripts.SearchPatient"/>
</testsuite> <!-- Aident.TestScripts.SearchPatient -->
