<?xml version="1.0" encoding="UTF-8"?>
<!-- Generated by org.testng.reporters.JUnitReportReporter -->
<testsuite hostname="Leosavan" name="Aident.TestScripts.AddAppointment" tests="1" failures="0" timestamp="30 Oct 2013 06:16:03 GMT" time="293.823" errors="0">
  <testcase name="testAddAppointments" time="293.823" classname="Aident.TestScripts.AddAppointment"/>
</testsuite> <!-- Aident.TestScripts.AddAppointment -->
