<?xml version="1.0" encoding="UTF-8"?>
<!-- Generated by org.testng.reporters.JUnitReportReporter -->
<testsuite hostname="Leosavan" name="Aident.TestScripts.EditAppointment" tests="1" failures="0" timestamp="29 Oct 2013 07:50:56 GMT" time="43.649" errors="0">
  <testcase name="testAddAppointments" time="43.649" classname="Aident.TestScripts.EditAppointment"/>
</testsuite> <!-- Aident.TestScripts.EditAppointment -->
