<?xml version="1.0" encoding="UTF-8"?>
<!-- Generated by org.testng.reporters.JUnitReportReporter -->
<testsuite hostname="Leosavan" name="Aident.TestScripts.AddPatient" tests="1" failures="0" timestamp="5 Dec 2013 10:18:54 GMT" time="39.004" errors="0">
  <testcase name="testAddPatient" time="39.004" classname="Aident.TestScripts.AddPatient"/>
</testsuite> <!-- Aident.TestScripts.AddPatient -->
