<?xml version="1.0" encoding="UTF-8"?>
<!-- Generated by org.testng.reporters.JUnitReportReporter -->
<testsuite hostname="Leosavan" name="Aident.TestScripts.EditPatient" tests="1" failures="0" timestamp="31 Oct 2013 11:15:30 GMT" time="0.122" errors="0">
  <testcase name="testSearchPatient" time="0.122" classname="Aident.TestScripts.EditPatient"/>
</testsuite> <!-- Aident.TestScripts.EditPatient -->
